<?xml version="1.0" encoding="UTF-8"?>
<!-- Generated by org.testng.reporters.JUnitReportReporter -->
<testsuite hostname="DESKTOP-RAPIJ62" failures="1" tests="2" name="tests.SearchTest1WithTextFile" time="40.112" errors="0" timestamp="2023-10-28T12:02:31 IST" skipped="0">
  <testcase classname="tests.SearchTest1WithTextFile" name="homePageTileTest" time="12.743">
    <failure message="The following asserts failed:
	expected [true] but found [false],
	expected [true] but found [false],
	expected [true] but found [false]" type="java.lang.AssertionError">
      <![CDATA[java.lang.AssertionError: The following asserts failed:
expected [true] but found [false],
expected [true] but found [false],
expected [true] but found [false]
at org.testng.asserts.SoftAssert.assertAll(SoftAssert.java:46)
at org.testng.asserts.SoftAssert.assertAll(SoftAssert.java:30)
at tests.SearchTest1WithTextFile.homePageTileTest(SearchTest1WithTextFile.java:95)
at java.base/jdk.internal.reflect.NativeMethodAccessorImpl.invoke0(Native Method)
at java.base/jdk.internal.reflect.NativeMethodAccessorImpl.invoke(NativeMethodAccessorImpl.java:77)
at java.base/jdk.internal.reflect.DelegatingMethodAccessorImpl.invoke(DelegatingMethodAccessorImpl.java:43)
at java.base/java.lang.reflect.Method.invoke(Method.java:568)
at org.testng.internal.invokers.MethodInvocationHelper.invokeMethod(MethodInvocationHelper.java:139)
at org.testng.internal.invokers.TestInvoker.invokeMethod(TestInvoker.java:664)
at org.testng.internal.invokers.TestInvoker.invokeTestMethod(TestInvoker.java:227)
at org.testng.internal.invokers.MethodRunner.runInSequence(MethodRunner.java:50)
at org.testng.internal.invokers.TestInvoker$MethodInvocationAgent.invoke(TestInvoker.java:957)
at org.testng.internal.invokers.TestInvoker.invokeTestMethods(TestInvoker.java:200)
at org.testng.internal.invokers.TestMethodWorker.invokeTestMethods(TestMethodWorker.java:148)
at org.testng.internal.invokers.TestMethodWorker.run(TestMethodWorker.java:128)
at java.base/java.util.ArrayList.forEach(ArrayList.java:1511)
at org.testng.TestRunner.privateRun(TestRunner.java:848)
at org.testng.TestRunner.run(TestRunner.java:621)
at org.testng.SuiteRunner.runTest(SuiteRunner.java:443)
at org.testng.SuiteRunner.runSequentially(SuiteRunner.java:437)
at org.testng.SuiteRunner.privateRun(SuiteRunner.java:397)
at org.testng.SuiteRunner.run(SuiteRunner.java:336)
at org.testng.SuiteRunnerWorker.runSuite(SuiteRunnerWorker.java:52)
at org.testng.SuiteRunnerWorker.run(SuiteRunnerWorker.java:95)
at org.testng.TestNG.runSuitesSequentially(TestNG.java:1280)
at org.testng.TestNG.runSuitesLocally(TestNG.java:1200)
at org.testng.TestNG.runSuites(TestNG.java:1114)
at org.testng.TestNG.run(TestNG.java:1082)
at org.testng.remote.AbstractRemoteTestNG.run(AbstractRemoteTestNG.java:115)
at org.testng.remote.RemoteTestNG.initAndRun(RemoteTestNG.java:251)
at org.testng.remote.RemoteTestNG.main(RemoteTestNG.java:77)
]]>
    </failure>
    <system-out>
      <![CDATA[Google home page title test failed and see:
<a href="E:\batch264\org.magnitia.TDD\target\28-Oct-2023-12-01-52.png"><img src="E:\batch264\org.magnitia.TDD\target\28-Oct-2023-12-01-52.png" height="100" width="100"/></a><br>
Google home page title test failed and see:
<a href="E:\batch264\org.magnitia.TDD\target\28-Oct-2023-12-01-57.png"><img src="E:\batch264\org.magnitia.TDD\target\28-Oct-2023-12-01-57.png" height="100" width="100"/></a><br>
Google home page title test failed and see:
<a href="E:\batch264\org.magnitia.TDD\target\28-Oct-2023-12-02-01.png"><img src="E:\batch264\org.magnitia.TDD\target\28-Oct-2023-12-02-01.png" height="100" width="100"/></a><br>]]>
    </system-out>
  </testcase> <!-- homePageTileTest -->
  <testcase classname="tests.SearchTest1WithTextFile" name="searchPageTileTest" time="27.369">
    <system-out>
      <![CDATA[After search, Google page title test passed<br>
After search, Google page title test passed<br>
After search, Google page title test passed<br>]]>
    </system-out>
  </testcase> <!-- searchPageTileTest -->
  <system-out>
    <![CDATA[Google home page title test failed and see:
<a href="E:\batch264\org.magnitia.TDD\target\28-Oct-2023-12-01-52.png"><img src="E:\batch264\org.magnitia.TDD\target\28-Oct-2023-12-01-52.png" height="100" width="100"/></a><br>
Google home page title test failed and see:
<a href="E:\batch264\org.magnitia.TDD\target\28-Oct-2023-12-01-57.png"><img src="E:\batch264\org.magnitia.TDD\target\28-Oct-2023-12-01-57.png" height="100" width="100"/></a><br>
Google home page title test failed and see:
<a href="E:\batch264\org.magnitia.TDD\target\28-Oct-2023-12-02-01.png"><img src="E:\batch264\org.magnitia.TDD\target\28-Oct-2023-12-02-01.png" height="100" width="100"/></a><br>
After search, Google page title test passed<br>
After search, Google page title test passed<br>
After search, Google page title test passed<br>]]>
  </system-out>
</testsuite> <!-- tests.SearchTest1WithTextFile -->
